2025-06-19 17:27:30 - ./experiments\quick_test_20250619_172730\logs\train.log - INFO - Starting experiment: quick_test
2025-06-19 17:27:30 - ./experiments\quick_test_20250619_172730\logs\train.log - INFO - Experiment directory: ./experiments\quick_test_20250619_172730
2025-06-19 17:27:30 - ./experiments\quick_test_20250619_172730\logs\train.log - INFO - Device: cuda
2025-06-19 17:27:30 - ./experiments\quick_test_20250619_172730\logs\train.log - INFO - Config saved to: ./experiments\quick_test_20250619_172730\configs\config.yaml
2025-06-19 17:27:30 - ./experiments\quick_test_20250619_172730\logs\train.log - INFO - Creating trainer...
2025-06-19 17:27:30 - ./experiments\quick_test_20250619_172730\logs\train.log - INFO - Training for 3 epochs (starting from epoch 0)
2025-06-19 17:27:30 - ./experiments\quick_test_20250619_172730\logs\train.log - INFO - Starting training for 3 epochs
2025-06-19 17:27:30 - ./experiments\quick_test_20250619_172730\logs\train.log - INFO - Device: cuda
2025-06-19 17:27:30 - ./experiments\quick_test_20250619_172730\logs\train.log - INFO - Model parameters: 6.41M
2025-06-19 17:27:40 - ./experiments\quick_test_20250619_172730\logs\train.log - INFO - Epoch 0: Train Loss: 5.4493, Train mIoU: 0.0222, Val Loss: 3.2733, Val mIoU: 0.0125, Time: 10.47s
2025-06-19 17:27:40 - ./experiments\quick_test_20250619_172730\logs\train.log - INFO - Saved best model with mIoU: 0.0125
2025-06-19 17:27:51 - ./experiments\quick_test_20250619_172730\logs\train.log - INFO - Epoch 1: Train Loss: 3.9928, Train mIoU: 0.0239, Val Loss: 3.1711, Val mIoU: 0.0157, Time: 10.62s
2025-06-19 17:27:51 - ./experiments\quick_test_20250619_172730\logs\train.log - INFO - Saved best model with mIoU: 0.0157
2025-06-19 17:28:01 - ./experiments\quick_test_20250619_172730\logs\train.log - INFO - Epoch 2: Train Loss: 3.3864, Train mIoU: 0.0225, Val Loss: 3.0784, Val mIoU: 0.0162, Time: 10.37s
2025-06-19 17:28:01 - ./experiments\quick_test_20250619_172730\logs\train.log - INFO - Saved best model with mIoU: 0.0162
2025-06-19 17:28:01 - ./experiments\quick_test_20250619_172730\logs\train.log - INFO - Training completed. Best mIoU: 0.0162
2025-06-19 17:28:01 - ./experiments\quick_test_20250619_172730\logs\train.log - INFO - Training history saved to: ./experiments\quick_test_20250619_172730\results\training_history.yaml
2025-06-19 17:28:01 - ./experiments\quick_test_20250619_172730\logs\train.log - INFO - Experiment summary saved to: ./experiments\quick_test_20250619_172730\results\experiment_summary.yaml
2025-06-19 17:28:01 - ./experiments\quick_test_20250619_172730\logs\train.log - INFO - Experiment completed successfully!
2025-06-19 17:28:01 - ./experiments\quick_test_20250619_172730\logs\train.log - INFO - Best mIoU: 0.0162
2025-06-19 17:28:01 - ./experiments\quick_test_20250619_172730\logs\train.log - INFO - Comparison table updated: ./experiments\quick_test_20250619_172730\results\comparison_table.md
